#
# There is insufficient memory for the Java Runtime Environment to continue.
# Native memory allocation (malloc) failed to allocate 1808944 bytes. Error detail: Chunk::new
# Possible reasons:
#   The system is out of physical RAM or swap space
#   This process is running with CompressedOops enabled, and the Java Heap may be blocking the growth of the native heap
# Possible solutions:
#   Reduce memory load on the system
#   Increase physical memory or swap space
#   Check if swap backing store is full
#   Decrease Java heap size (-Xmx/-Xms)
#   Decrease number of Java threads
#   Decrease Java thread stack sizes (-Xss)
#   Set larger code cache with -XX:ReservedCodeCacheSize=
#   JVM is running with Unscaled Compressed Oops mode in which the Java heap is
#     placed in the first 4GB address space. The Java Heap base address is the
#     maximum limit for the native heap growth. Please use -XX:HeapBaseMinAddress
#     to set the Java Heap base and to place the Java Heap above 4GB virtual address.
# This output file may be truncated or incomplete.
#
#  Out of Memory Error (arena.cpp:168), pid=12412, tid=28340
#
# JRE version: OpenJDK Runtime Environment Temurin-21.0.6+7 (21.0.6+7) (build 21.0.6+7-LTS)
# Java VM: OpenJDK 64-Bit Server VM Temurin-21.0.6+7 (21.0.6+7-LTS, mixed mode, sharing, tiered, compressed oops, compressed class ptrs, parallel gc, windows-amd64)
# No core dump will be written. Minidumps are not enabled by default on client versions of Windows
#

---------------  S U M M A R Y ------------

Command Line: --add-modules=ALL-SYSTEM --add-opens=java.base/java.util=ALL-UNNAMED --add-opens=java.base/java.lang=ALL-UNNAMED --add-opens=java.base/sun.nio.fs=ALL-UNNAMED -Declipse.application=org.eclipse.jdt.ls.core.id1 -Dosgi.bundles.defaultStartLevel=4 -Declipse.product=org.eclipse.jdt.ls.core.product -Djava.import.generatesMetadataFilesAtProjectRoot=false -DDetectVMInstallationsJob.disabled=true -Dfile.encoding=utf8 -XX:+UseParallelGC -XX:GCTimeRatio=4 -XX:AdaptiveSizePolicyWeight=90 -Dsun.zip.disableMemoryMapping=true -Xmx1G -Xms100m -Xlog:disable -javaagent:c:\Users\user\.vscode\extensions\redhat.java-1.41.1-win32-x64\lombok\lombok-1.18.36.jar -XX:+HeapDumpOnOutOfMemoryError -XX:HeapDumpPath=c:\Users\user\AppData\Roaming\Code\User\workspaceStorage\4a207a38bee0f9a66a0a5ec5cfdc4eba\redhat.java -Daether.dependencyCollector.impl=bf c:\Users\user\.vscode\extensions\redhat.java-1.41.1-win32-x64\server\plugins\org.eclipse.equinox.launcher_1.7.0.v20250331-1702.jar -configuration c:\Users\user\AppData\Roaming\Code\User\globalStorage\redhat.java\1.41.1\config_win -data c:\Users\user\AppData\Roaming\Code\User\workspaceStorage\4a207a38bee0f9a66a0a5ec5cfdc4eba\redhat.java\jdt_ws --pipe=\\.\pipe\lsp-0b0e56e4c1e974c32e762c78d34101ca-sock

Host: Intel(R) Core(TM) i5-10300H CPU @ 2.50GHz, 8 cores, 7G,  Windows 11 , 64 bit Build 26100 (10.0.26100.3775)
Time: Thu May 15 03:58:48 2025 Sri Lanka Standard Time elapsed time: 10.418448 seconds (0d 0h 0m 10s)

---------------  T H R E A D  ---------------

Current thread (0x0000019f003b39e0):  JavaThread "C2 CompilerThread0" daemon [_thread_in_native, id=28340, stack(0x00000035cd100000,0x00000035cd200000) (1024K)]


Current CompileTask:
C2:10418 4225       4       org.lombokweb.asm.ClassReader::readMethod (1070 bytes)

Stack: [0x00000035cd100000,0x00000035cd200000]
Native frames: (J=compiled Java code, j=interpreted, Vv=VM code, C=native code)
V  [jvm.dll+0x6cdee9]
V  [jvm.dll+0x8a83d1]
V  [jvm.dll+0x8aa8fe]
V  [jvm.dll+0x8aafe3]
V  [jvm.dll+0x27f706]
V  [jvm.dll+0xc500d]
V  [jvm.dll+0xc5543]
V  [jvm.dll+0x3b678c]
V  [jvm.dll+0x1e0009]
V  [jvm.dll+0x247b42]
V  [jvm.dll+0x246fcf]
V  [jvm.dll+0x1c75ee]
V  [jvm.dll+0x25685a]
V  [jvm.dll+0x254dfa]
V  [jvm.dll+0x3f0256]
V  [jvm.dll+0x851f8b]
V  [jvm.dll+0x6cc5ed]
C  [ucrtbase.dll+0x37b0]
C  [KERNEL32.DLL+0x2e8d7]
C  [ntdll.dll+0xb14fc]


---------------  P R O C E S S  ---------------

Threads class SMR info:
_java_thread_list=0x0000019f0549d640, length=24, elements={
0x0000019f26fb4710, 0x0000019f3d7eaf50, 0x0000019f3d7ee700, 0x0000019f3d7f1fb0,
0x0000019f3d7f38a0, 0x0000019f3d7f87f0, 0x0000019f3d7fcb10, 0x0000019f003b39e0,
0x0000019f003df9f0, 0x0000019f294a3ca0, 0x0000019f008214c0, 0x0000019f00dd22f0,
0x0000019f00e1fda0, 0x0000019f0515ccf0, 0x0000019f05172f70, 0x0000019f00f9b140,
0x0000019f0566d160, 0x0000019f0541a830, 0x0000019f05159a50, 0x0000019f05158d30,
0x0000019f0515a770, 0x0000019f0515ae00, 0x0000019f06c96870, 0x0000019f06c96f40
}

Java Threads: ( => current thread )
  0x0000019f26fb4710 JavaThread "main"                              [_thread_blocked, id=13624, stack(0x00000035cc600000,0x00000035cc700000) (1024K)]
  0x0000019f3d7eaf50 JavaThread "Reference Handler"          daemon [_thread_blocked, id=25640, stack(0x00000035ccb00000,0x00000035ccc00000) (1024K)]
  0x0000019f3d7ee700 JavaThread "Finalizer"                  daemon [_thread_blocked, id=28372, stack(0x00000035ccc00000,0x00000035ccd00000) (1024K)]
  0x0000019f3d7f1fb0 JavaThread "Signal Dispatcher"          daemon [_thread_blocked, id=25520, stack(0x00000035ccd00000,0x00000035cce00000) (1024K)]
  0x0000019f3d7f38a0 JavaThread "Attach Listener"            daemon [_thread_blocked, id=28888, stack(0x00000035cce00000,0x00000035ccf00000) (1024K)]
  0x0000019f3d7f87f0 JavaThread "Service Thread"             daemon [_thread_blocked, id=29132, stack(0x00000035ccf00000,0x00000035cd000000) (1024K)]
  0x0000019f3d7fcb10 JavaThread "Monitor Deflation Thread"   daemon [_thread_blocked, id=27016, stack(0x00000035cd000000,0x00000035cd100000) (1024K)]
=>0x0000019f003b39e0 JavaThread "C2 CompilerThread0"         daemon [_thread_in_native, id=28340, stack(0x00000035cd100000,0x00000035cd200000) (1024K)]
  0x0000019f003df9f0 JavaThread "C1 CompilerThread0"         daemon [_thread_in_native, id=27228, stack(0x00000035cd200000,0x00000035cd300000) (1024K)]
  0x0000019f294a3ca0 JavaThread "Common-Cleaner"             daemon [_thread_blocked, id=9896, stack(0x00000035cd300000,0x00000035cd400000) (1024K)]
  0x0000019f008214c0 JavaThread "Notification Thread"        daemon [_thread_blocked, id=27024, stack(0x00000035cd500000,0x00000035cd600000) (1024K)]
  0x0000019f00dd22f0 JavaThread "Active Thread: Equinox Container: 5faac471-d5b4-454e-b05a-9c080b6cd912"        [_thread_blocked, id=17892, stack(0x00000035cdc00000,0x00000035cdd00000) (1024K)]
  0x0000019f00e1fda0 JavaThread "Refresh Thread: Equinox Container: 5faac471-d5b4-454e-b05a-9c080b6cd912" daemon [_thread_blocked, id=23268, stack(0x00000035cdb00000,0x00000035cdc00000) (1024K)]
  0x0000019f0515ccf0 JavaThread "Framework Event Dispatcher: Equinox Container: 5faac471-d5b4-454e-b05a-9c080b6cd912" daemon [_thread_blocked, id=10820, stack(0x00000035cde00000,0x00000035cdf00000) (1024K)]
  0x0000019f05172f70 JavaThread "Start Level: Equinox Container: 5faac471-d5b4-454e-b05a-9c080b6cd912" daemon [_thread_in_native, id=24840, stack(0x00000035cdf00000,0x00000035ce000000) (1024K)]
  0x0000019f00f9b140 JavaThread "Bundle File Closer"         daemon [_thread_blocked, id=15752, stack(0x00000035ce100000,0x00000035ce200000) (1024K)]
  0x0000019f0566d160 JavaThread "SCR Component Actor"        daemon [_thread_blocked, id=15648, stack(0x00000035ce000000,0x00000035ce100000) (1024K)]
  0x0000019f0541a830 JavaThread "SCR Component Registry"     daemon [_thread_blocked, id=6032, stack(0x00000035ce200000,0x00000035ce300000) (1024K)]
  0x0000019f05159a50 JavaThread "Worker-JM"                         [_thread_blocked, id=3468, stack(0x00000035ce300000,0x00000035ce400000) (1024K)]
  0x0000019f05158d30 JavaThread "JNA Cleaner"                daemon [_thread_blocked, id=12096, stack(0x00000035ce500000,0x00000035ce600000) (1024K)]
  0x0000019f0515a770 JavaThread "Worker-0"                          [_thread_blocked, id=4864, stack(0x00000035ce600000,0x00000035ce700000) (1024K)]
  0x0000019f0515ae00 JavaThread "Worker-1: Repository registry initialization"        [_thread_in_Java, id=9812, stack(0x00000035ce700000,0x00000035ce800000) (1024K)]
  0x0000019f06c96870 JavaThread "C2 CompilerThread1"         daemon [_thread_in_native, id=1872, stack(0x00000035ce400000,0x00000035ce500000) (1024K)]
  0x0000019f06c96f40 JavaThread "C2 CompilerThread2"         daemon [_thread_in_native, id=5364, stack(0x00000035ce800000,0x00000035ce900000) (1024K)]
Total: 24

Other Threads:
  0x0000019f3d7e4780 VMThread "VM Thread"                           [id=8948, stack(0x00000035cca00000,0x00000035ccb00000) (1024K)]
  0x0000019f3d6dca00 WatcherThread "VM Periodic Task Thread"        [id=11528, stack(0x00000035cc900000,0x00000035cca00000) (1024K)]
  0x0000019f29456bc0 WorkerThread "GC Thread#0"                     [id=22100, stack(0x00000035cc800000,0x00000035cc900000) (1024K)]
  0x0000019f00d30400 WorkerThread "GC Thread#1"                     [id=27732, stack(0x00000035cd400000,0x00000035cd500000) (1024K)]
  0x0000019f007de0b0 WorkerThread "GC Thread#2"                     [id=22472, stack(0x00000035cd600000,0x00000035cd700000) (1024K)]
  0x0000019f007e0d30 WorkerThread "GC Thread#3"                     [id=28044, stack(0x00000035cd700000,0x00000035cd800000) (1024K)]
  0x0000019f007e72a0 WorkerThread "GC Thread#4"                     [id=16100, stack(0x00000035cd800000,0x00000035cd900000) (1024K)]
  0x0000019f007e7640 WorkerThread "GC Thread#5"                     [id=23736, stack(0x00000035cd900000,0x00000035cda00000) (1024K)]
  0x0000019f007e79e0 WorkerThread "GC Thread#6"                     [id=8184, stack(0x00000035cda00000,0x00000035cdb00000) (1024K)]
  0x0000019f00df5e00 WorkerThread "GC Thread#7"                     [id=20476, stack(0x00000035cdd00000,0x00000035cde00000) (1024K)]
Total: 10

Threads with active compile tasks:
C2 CompilerThread0  11462 4225       4       org.lombokweb.asm.ClassReader::readMethod (1070 bytes)
C1 CompilerThread0  11462 4369   !   3       jdk.internal.misc.ScopedMemoryAccess::getShortUnaligned (18 bytes)
C2 CompilerThread1  11462 4304   !   4       org.eclipse.osgi.internal.loader.classpath.ClasspathManager::findClassImpl (343 bytes)
C2 CompilerThread2  11462 4361       4       java.lang.AbstractStringBuilder::append (60 bytes)
Total: 4

VM state: not at safepoint (normal execution)

VM Mutex/Monitor currently owned by a thread: None

Heap address: 0x00000000c0000000, size: 1024 MB, Compressed Oops mode: 32-bit

CDS archive(s) mapped at: [0x0000019f3e000000-0x0000019f3eba0000-0x0000019f3eba0000), size 12189696, SharedBaseAddress: 0x0000019f3e000000, ArchiveRelocationMode: 1.
Compressed class space mapped at: 0x0000019f3f000000-0x0000019f7f000000, reserved size: 1073741824
Narrow klass base: 0x0000019f3e000000, Narrow klass shift: 0, Narrow klass range: 0x100000000

GC Precious Log:
 CardTable entry size: 512
 CPUs: 8 total, 8 available
 Memory: 8013M
 Large Page Support: Disabled
 NUMA Support: Disabled
 Compressed Oops: Enabled (32-bit)
 Alignments: Space 512K, Generation 512K, Heap 2M
 Heap Min Capacity: 100M
 Heap Initial Capacity: 100M
 Heap Max Capacity: 1G
 Pre-touch: Disabled
 Parallel Workers: 8

Heap:
 PSYoungGen      total 24576K, used 10098K [0x00000000eab00000, 0x00000000ec880000, 0x0000000100000000)
  eden space 23040K, 39% used [0x00000000eab00000,0x00000000eb3cd090,0x00000000ec180000)
  from space 1536K, 70% used [0x00000000ec700000,0x00000000ec80f8a0,0x00000000ec880000)
  to   space 1536K, 0% used [0x00000000ec580000,0x00000000ec580000,0x00000000ec700000)
 ParOldGen       total 68608K, used 15395K [0x00000000c0000000, 0x00000000c4300000, 0x00000000eab00000)
  object space 68608K, 22% used [0x00000000c0000000,0x00000000c0f08e60,0x00000000c4300000)
 Metaspace       used 29204K, committed 30080K, reserved 1114112K
  class space    used 2886K, committed 3264K, reserved 1048576K

Card table byte_map: [0x0000019f28db0000,0x0000019f28fc0000] _byte_map_base: 0x0000019f287b0000

Marking Bits: (ParMarkBitMap*) 0x00007ff8c6ea3260
 Begin Bits: [0x0000019f3b600000, 0x0000019f3c600000)
 End Bits:   [0x0000019f3c600000, 0x0000019f3d600000)

Polling page: 0x0000019f289d0000

Metaspace:

Usage:
  Non-class:     25.70 MB used.
      Class:      2.82 MB used.
       Both:     28.52 MB used.

Virtual space:
  Non-class space:       64.00 MB reserved,      26.19 MB ( 41%) committed,  1 nodes.
      Class space:        1.00 GB reserved,       3.19 MB ( <1%) committed,  1 nodes.
             Both:        1.06 GB reserved,      29.38 MB (  3%) committed. 

Chunk freelists:
   Non-Class:  5.06 MB
       Class:  12.82 MB
        Both:  17.89 MB

MaxMetaspaceSize: unlimited
CompressedClassSpaceSize: 1.00 GB
Initial GC threshold: 21.00 MB
Current GC threshold: 35.00 MB
CDS: on
 - commit_granule_bytes: 65536.
 - commit_granule_words: 8192.
 - virtual_space_node_default_size: 8388608.
 - enlarge_chunks_in_place: 1.
 - use_allocation_guard: 0.


Internal statistics:

num_allocs_failed_limit: 3.
num_arena_births: 814.
num_arena_deaths: 14.
num_vsnodes_births: 2.
num_vsnodes_deaths: 0.
num_space_committed: 470.
num_space_uncommitted: 0.
num_chunks_returned_to_freelist: 17.
num_chunks_taken_from_freelist: 2027.
num_chunk_merges: 9.
num_chunk_splits: 1312.
num_chunks_enlarged: 801.
num_inconsistent_stats: 0.

CodeHeap 'non-profiled nmethods': size=120000Kb used=1981Kb max_used=1981Kb free=118018Kb
 bounds [0x0000019f340d0000, 0x0000019f34340000, 0x0000019f3b600000]
CodeHeap 'profiled nmethods': size=120000Kb used=9222Kb max_used=9222Kb free=110777Kb
 bounds [0x0000019f2c600000, 0x0000019f2cf10000, 0x0000019f33b30000]
CodeHeap 'non-nmethods': size=5760Kb used=1334Kb max_used=1356Kb free=4425Kb
 bounds [0x0000019f33b30000, 0x0000019f33da0000, 0x0000019f340d0000]
 total_blobs=4992 nmethods=4367 adapters=531
 compilation: enabled
              stopped_count=0, restarted_count=0
 full_count=0

Compilation events (20 events):
Event: 9.286 Thread 0x0000019f003df9f0 nmethod 4313 0x0000019f2cede790 code [0x0000019f2cede940, 0x0000019f2cedea80]
Event: 9.286 Thread 0x0000019f003df9f0 4314       3       java.util.Set::of (10 bytes)
Event: 9.286 Thread 0x0000019f003df9f0 nmethod 4314 0x0000019f2cedeb90 code [0x0000019f2ceded40, 0x0000019f2cedeed0]
Event: 9.294 Thread 0x0000019f003df9f0 4315       1       java.lang.reflect.Method::getRoot (5 bytes)
Event: 9.294 Thread 0x0000019f003df9f0 nmethod 4315 0x0000019f342bb090 code [0x0000019f342bb220, 0x0000019f342bb2e8]
Event: 9.357 Thread 0x0000019f003df9f0 4317       3       java.nio.HeapByteBuffer::byteOffset (7 bytes)
Event: 9.357 Thread 0x0000019f003df9f0 nmethod 4317 0x0000019f2cedef90 code [0x0000019f2cedf120, 0x0000019f2cedf230]
Event: 9.358 Thread 0x0000019f003df9f0 4318       3       java.lang.invoke.MethodHandles$Lookup::hasFullPrivilegeAccess (18 bytes)
Event: 9.358 Thread 0x0000019f003df9f0 nmethod 4318 0x0000019f2cedf290 code [0x0000019f2cedf420, 0x0000019f2cedf588]
Event: 9.368 Thread 0x0000019f003df9f0 4319       3       java.nio.ByteOrder::nativeOrder (4 bytes)
Event: 9.368 Thread 0x0000019f003df9f0 nmethod 4319 0x0000019f2cedf610 code [0x0000019f2cedf7a0, 0x0000019f2cedf898]
Event: 9.371 Thread 0x0000019f003df9f0 4320       3       java.lang.Class::forName (24 bytes)
Event: 9.372 Thread 0x0000019f003df9f0 nmethod 4320 0x0000019f2cedf910 code [0x0000019f2cedfae0, 0x0000019f2cedfce8]
Event: 9.372 Thread 0x0000019f003df9f0 4322       3       java.lang.Character::isJavaIdentifierPart (9 bytes)
Event: 9.372 Thread 0x0000019f003df9f0 nmethod 4322 0x0000019f2cedfe10 code [0x0000019f2cedffc0, 0x0000019f2cee01b8]
Event: 9.372 Thread 0x0000019f003df9f0 4321       3       java.lang.Class::forName (41 bytes)
Event: 9.372 Thread 0x0000019f003df9f0 nmethod 4321 0x0000019f2cee0290 code [0x0000019f2cee0440, 0x0000019f2cee0638]
Event: 9.372 Thread 0x0000019f003df9f0 4323       3       jdk.internal.org.objectweb.asm.Frame::merge (395 bytes)
Event: 9.373 Thread 0x0000019f003df9f0 nmethod 4323 0x0000019f2cee0710 code [0x0000019f2cee09c0, 0x0000019f2cee16a0]
Event: 9.443 Thread 0x0000019f003df9f0 4324       3       java.net.URL::toString (5 bytes)

GC Heap History (20 events):
Event: 3.613 GC heap before
{Heap before GC invocations=2 (full 0):
 PSYoungGen      total 29696K, used 28814K [0x00000000eab00000, 0x00000000ecc00000, 0x0000000100000000)
  eden space 25600K, 100% used [0x00000000eab00000,0x00000000ec400000,0x00000000ec400000)
  from space 4096K, 78% used [0x00000000ec400000,0x00000000ec723aa0,0x00000000ec800000)
  to   space 4096K, 0% used [0x00000000ec800000,0x00000000ec800000,0x00000000ecc00000)
 ParOldGen       total 68608K, used 16K [0x00000000c0000000, 0x00000000c4300000, 0x00000000eab00000)
  object space 68608K, 0% used [0x00000000c0000000,0x00000000c0004000,0x00000000c4300000)
 Metaspace       used 8019K, committed 8384K, reserved 1114112K
  class space    used 788K, committed 960K, reserved 1048576K
}
Event: 3.621 GC heap after
{Heap after GC invocations=2 (full 0):
 PSYoungGen      total 29696K, used 4068K [0x00000000eab00000, 0x00000000ecc00000, 0x0000000100000000)
  eden space 25600K, 0% used [0x00000000eab00000,0x00000000eab00000,0x00000000ec400000)
  from space 4096K, 99% used [0x00000000ec800000,0x00000000ecbf9158,0x00000000ecc00000)
  to   space 4096K, 0% used [0x00000000ec400000,0x00000000ec400000,0x00000000ec800000)
 ParOldGen       total 68608K, used 1727K [0x00000000c0000000, 0x00000000c4300000, 0x00000000eab00000)
  object space 68608K, 2% used [0x00000000c0000000,0x00000000c01aff20,0x00000000c4300000)
 Metaspace       used 8019K, committed 8384K, reserved 1114112K
  class space    used 788K, committed 960K, reserved 1048576K
}
Event: 4.841 GC heap before
{Heap before GC invocations=3 (full 0):
 PSYoungGen      total 29696K, used 29668K [0x00000000eab00000, 0x00000000ecc00000, 0x0000000100000000)
  eden space 25600K, 100% used [0x00000000eab00000,0x00000000ec400000,0x00000000ec400000)
  from space 4096K, 99% used [0x00000000ec800000,0x00000000ecbf9158,0x00000000ecc00000)
  to   space 4096K, 0% used [0x00000000ec400000,0x00000000ec400000,0x00000000ec800000)
 ParOldGen       total 68608K, used 1727K [0x00000000c0000000, 0x00000000c4300000, 0x00000000eab00000)
  object space 68608K, 2% used [0x00000000c0000000,0x00000000c01aff20,0x00000000c4300000)
 Metaspace       used 9188K, committed 9536K, reserved 1114112K
  class space    used 916K, committed 1088K, reserved 1048576K
}
Event: 4.848 GC heap after
{Heap after GC invocations=3 (full 0):
 PSYoungGen      total 29696K, used 4084K [0x00000000eab00000, 0x00000000ecc00000, 0x0000000100000000)
  eden space 25600K, 0% used [0x00000000eab00000,0x00000000eab00000,0x00000000ec400000)
  from space 4096K, 99% used [0x00000000ec400000,0x00000000ec7fd0f0,0x00000000ec800000)
  to   space 4096K, 0% used [0x00000000ec800000,0x00000000ec800000,0x00000000ecc00000)
 ParOldGen       total 68608K, used 5703K [0x00000000c0000000, 0x00000000c4300000, 0x00000000eab00000)
  object space 68608K, 8% used [0x00000000c0000000,0x00000000c0591dc8,0x00000000c4300000)
 Metaspace       used 9188K, committed 9536K, reserved 1114112K
  class space    used 916K, committed 1088K, reserved 1048576K
}
Event: 6.038 GC heap before
{Heap before GC invocations=4 (full 0):
 PSYoungGen      total 29696K, used 29684K [0x00000000eab00000, 0x00000000ecc00000, 0x0000000100000000)
  eden space 25600K, 100% used [0x00000000eab00000,0x00000000ec400000,0x00000000ec400000)
  from space 4096K, 99% used [0x00000000ec400000,0x00000000ec7fd0f0,0x00000000ec800000)
  to   space 4096K, 0% used [0x00000000ec800000,0x00000000ec800000,0x00000000ecc00000)
 ParOldGen       total 68608K, used 5703K [0x00000000c0000000, 0x00000000c4300000, 0x00000000eab00000)
  object space 68608K, 8% used [0x00000000c0000000,0x00000000c0591dc8,0x00000000c4300000)
 Metaspace       used 12335K, committed 12736K, reserved 1114112K
  class space    used 1217K, committed 1408K, reserved 1048576K
}
Event: 6.043 GC heap after
{Heap after GC invocations=4 (full 0):
 PSYoungGen      total 29696K, used 4089K [0x00000000eab00000, 0x00000000ecc00000, 0x0000000100000000)
  eden space 25600K, 0% used [0x00000000eab00000,0x00000000eab00000,0x00000000ec400000)
  from space 4096K, 99% used [0x00000000ec800000,0x00000000ecbfe7c8,0x00000000ecc00000)
  to   space 4096K, 0% used [0x00000000ec400000,0x00000000ec400000,0x00000000ec800000)
 ParOldGen       total 68608K, used 6581K [0x00000000c0000000, 0x00000000c4300000, 0x00000000eab00000)
  object space 68608K, 9% used [0x00000000c0000000,0x00000000c066d498,0x00000000c4300000)
 Metaspace       used 12335K, committed 12736K, reserved 1114112K
  class space    used 1217K, committed 1408K, reserved 1048576K
}
Event: 7.015 GC heap before
{Heap before GC invocations=5 (full 0):
 PSYoungGen      total 29696K, used 29689K [0x00000000eab00000, 0x00000000ecc00000, 0x0000000100000000)
  eden space 25600K, 100% used [0x00000000eab00000,0x00000000ec400000,0x00000000ec400000)
  from space 4096K, 99% used [0x00000000ec800000,0x00000000ecbfe7c8,0x00000000ecc00000)
  to   space 4096K, 0% used [0x00000000ec400000,0x00000000ec400000,0x00000000ec800000)
 ParOldGen       total 68608K, used 6581K [0x00000000c0000000, 0x00000000c4300000, 0x00000000eab00000)
  object space 68608K, 9% used [0x00000000c0000000,0x00000000c066d498,0x00000000c4300000)
 Metaspace       used 16266K, committed 16896K, reserved 1114112K
  class space    used 1589K, committed 1856K, reserved 1048576K
}
Event: 7.020 GC heap after
{Heap after GC invocations=5 (full 0):
 PSYoungGen      total 29184K, used 4095K [0x00000000eab00000, 0x00000000ecf80000, 0x0000000100000000)
  eden space 25088K, 0% used [0x00000000eab00000,0x00000000eab00000,0x00000000ec380000)
  from space 4096K, 99% used [0x00000000ec400000,0x00000000ec7ffdd0,0x00000000ec800000)
  to   space 6144K, 0% used [0x00000000ec980000,0x00000000ec980000,0x00000000ecf80000)
 ParOldGen       total 68608K, used 8022K [0x00000000c0000000, 0x00000000c4300000, 0x00000000eab00000)
  object space 68608K, 11% used [0x00000000c0000000,0x00000000c07d58d0,0x00000000c4300000)
 Metaspace       used 16266K, committed 16896K, reserved 1114112K
  class space    used 1589K, committed 1856K, reserved 1048576K
}
Event: 7.588 GC heap before
{Heap before GC invocations=6 (full 0):
 PSYoungGen      total 29184K, used 29093K [0x00000000eab00000, 0x00000000ecf80000, 0x0000000100000000)
  eden space 25088K, 99% used [0x00000000eab00000,0x00000000ec3696b0,0x00000000ec380000)
  from space 4096K, 99% used [0x00000000ec400000,0x00000000ec7ffdd0,0x00000000ec800000)
  to   space 6144K, 0% used [0x00000000ec980000,0x00000000ec980000,0x00000000ecf80000)
 ParOldGen       total 68608K, used 8022K [0x00000000c0000000, 0x00000000c4300000, 0x00000000eab00000)
  object space 68608K, 11% used [0x00000000c0000000,0x00000000c07d58d0,0x00000000c4300000)
 Metaspace       used 18943K, committed 19712K, reserved 1114112K
  class space    used 1897K, committed 2240K, reserved 1048576K
}
Event: 7.595 GC heap after
{Heap after GC invocations=6 (full 0):
 PSYoungGen      total 29696K, used 4944K [0x00000000eab00000, 0x00000000ece80000, 0x0000000100000000)
  eden space 24576K, 0% used [0x00000000eab00000,0x00000000eab00000,0x00000000ec300000)
  from space 5120K, 96% used [0x00000000ec980000,0x00000000ece54048,0x00000000ece80000)
  to   space 5632K, 0% used [0x00000000ec380000,0x00000000ec380000,0x00000000ec900000)
 ParOldGen       total 68608K, used 8030K [0x00000000c0000000, 0x00000000c4300000, 0x00000000eab00000)
  object space 68608K, 11% used [0x00000000c0000000,0x00000000c07d78d0,0x00000000c4300000)
 Metaspace       used 18943K, committed 19712K, reserved 1114112K
  class space    used 1897K, committed 2240K, reserved 1048576K
}
Event: 7.863 GC heap before
{Heap before GC invocations=7 (full 0):
 PSYoungGen      total 29696K, used 20177K [0x00000000eab00000, 0x00000000ece80000, 0x0000000100000000)
  eden space 24576K, 61% used [0x00000000eab00000,0x00000000eb9e0408,0x00000000ec300000)
  from space 5120K, 96% used [0x00000000ec980000,0x00000000ece54048,0x00000000ece80000)
  to   space 5632K, 0% used [0x00000000ec380000,0x00000000ec380000,0x00000000ec900000)
 ParOldGen       total 68608K, used 8030K [0x00000000c0000000, 0x00000000c4300000, 0x00000000eab00000)
  object space 68608K, 11% used [0x00000000c0000000,0x00000000c07d78d0,0x00000000c4300000)
 Metaspace       used 20658K, committed 21504K, reserved 1114112K
  class space    used 2102K, committed 2432K, reserved 1048576K
}
Event: 7.869 GC heap after
{Heap after GC invocations=7 (full 0):
 PSYoungGen      total 29184K, used 4274K [0x00000000eab00000, 0x00000000ecc00000, 0x0000000100000000)
  eden space 24576K, 0% used [0x00000000eab00000,0x00000000eab00000,0x00000000ec300000)
  from space 4608K, 92% used [0x00000000ec380000,0x00000000ec7ac968,0x00000000ec800000)
  to   space 4096K, 0% used [0x00000000ec800000,0x00000000ec800000,0x00000000ecc00000)
 ParOldGen       total 68608K, used 9356K [0x00000000c0000000, 0x00000000c4300000, 0x00000000eab00000)
  object space 68608K, 13% used [0x00000000c0000000,0x00000000c09232c8,0x00000000c4300000)
 Metaspace       used 20658K, committed 21504K, reserved 1114112K
  class space    used 2102K, committed 2432K, reserved 1048576K
}
Event: 7.869 GC heap before
{Heap before GC invocations=8 (full 1):
 PSYoungGen      total 29184K, used 4274K [0x00000000eab00000, 0x00000000ecc00000, 0x0000000100000000)
  eden space 24576K, 0% used [0x00000000eab00000,0x00000000eab00000,0x00000000ec300000)
  from space 4608K, 92% used [0x00000000ec380000,0x00000000ec7ac968,0x00000000ec800000)
  to   space 4096K, 0% used [0x00000000ec800000,0x00000000ec800000,0x00000000ecc00000)
 ParOldGen       total 68608K, used 9356K [0x00000000c0000000, 0x00000000c4300000, 0x00000000eab00000)
  object space 68608K, 13% used [0x00000000c0000000,0x00000000c09232c8,0x00000000c4300000)
 Metaspace       used 20658K, committed 21504K, reserved 1114112K
  class space    used 2102K, committed 2432K, reserved 1048576K
}
Event: 7.906 GC heap after
{Heap after GC invocations=8 (full 1):
 PSYoungGen      total 29184K, used 0K [0x00000000eab00000, 0x00000000ecc00000, 0x0000000100000000)
  eden space 24576K, 0% used [0x00000000eab00000,0x00000000eab00000,0x00000000ec300000)
  from space 4608K, 0% used [0x00000000ec380000,0x00000000ec380000,0x00000000ec800000)
  to   space 4096K, 0% used [0x00000000ec800000,0x00000000ec800000,0x00000000ecc00000)
 ParOldGen       total 68608K, used 12984K [0x00000000c0000000, 0x00000000c4300000, 0x00000000eab00000)
  object space 68608K, 18% used [0x00000000c0000000,0x00000000c0cae248,0x00000000c4300000)
 Metaspace       used 20646K, committed 21504K, reserved 1114112K
  class space    used 2099K, committed 2432K, reserved 1048576K
}
Event: 8.251 GC heap before
{Heap before GC invocations=9 (full 1):
 PSYoungGen      total 29184K, used 24576K [0x00000000eab00000, 0x00000000ecc00000, 0x0000000100000000)
  eden space 24576K, 100% used [0x00000000eab00000,0x00000000ec300000,0x00000000ec300000)
  from space 4608K, 0% used [0x00000000ec380000,0x00000000ec380000,0x00000000ec800000)
  to   space 4096K, 0% used [0x00000000ec800000,0x00000000ec800000,0x00000000ecc00000)
 ParOldGen       total 68608K, used 12984K [0x00000000c0000000, 0x00000000c4300000, 0x00000000eab00000)
  object space 68608K, 18% used [0x00000000c0000000,0x00000000c0cae248,0x00000000c4300000)
 Metaspace       used 22704K, committed 23680K, reserved 1114112K
  class space    used 2264K, committed 2688K, reserved 1048576K
}
Event: 8.252 GC heap after
{Heap after GC invocations=9 (full 1):
 PSYoungGen      total 26112K, used 1620K [0x00000000eab00000, 0x00000000eca00000, 0x0000000100000000)
  eden space 24064K, 0% used [0x00000000eab00000,0x00000000eab00000,0x00000000ec280000)
  from space 2048K, 79% used [0x00000000ec800000,0x00000000ec995078,0x00000000eca00000)
  to   space 3072K, 0% used [0x00000000ec400000,0x00000000ec400000,0x00000000ec700000)
 ParOldGen       total 68608K, used 12992K [0x00000000c0000000, 0x00000000c4300000, 0x00000000eab00000)
  object space 68608K, 18% used [0x00000000c0000000,0x00000000c0cb0248,0x00000000c4300000)
 Metaspace       used 22704K, committed 23680K, reserved 1114112K
  class space    used 2264K, committed 2688K, reserved 1048576K
}
Event: 8.881 GC heap before
{Heap before GC invocations=10 (full 1):
 PSYoungGen      total 26112K, used 25030K [0x00000000eab00000, 0x00000000eca00000, 0x0000000100000000)
  eden space 24064K, 97% used [0x00000000eab00000,0x00000000ec1dc790,0x00000000ec280000)
  from space 2048K, 79% used [0x00000000ec800000,0x00000000ec995078,0x00000000eca00000)
  to   space 3072K, 0% used [0x00000000ec400000,0x00000000ec400000,0x00000000ec700000)
 ParOldGen       total 68608K, used 12992K [0x00000000c0000000, 0x00000000c4300000, 0x00000000eab00000)
  object space 68608K, 18% used [0x00000000c0000000,0x00000000c0cb0248,0x00000000c4300000)
 Metaspace       used 26361K, committed 27328K, reserved 1114112K
  class space    used 2532K, committed 2944K, reserved 1048576K
}
Event: 8.882 GC heap after
{Heap after GC invocations=10 (full 1):
 PSYoungGen      total 26624K, used 1193K [0x00000000eab00000, 0x00000000ec880000, 0x0000000100000000)
  eden space 23552K, 0% used [0x00000000eab00000,0x00000000eab00000,0x00000000ec200000)
  from space 3072K, 38% used [0x00000000ec400000,0x00000000ec52a6f0,0x00000000ec700000)
  to   space 1536K, 0% used [0x00000000ec700000,0x00000000ec700000,0x00000000ec880000)
 ParOldGen       total 68608K, used 13000K [0x00000000c0000000, 0x00000000c4300000, 0x00000000eab00000)
  object space 68608K, 18% used [0x00000000c0000000,0x00000000c0cb2248,0x00000000c4300000)
 Metaspace       used 26361K, committed 27328K, reserved 1114112K
  class space    used 2532K, committed 2944K, reserved 1048576K
}
Event: 9.208 GC heap before
{Heap before GC invocations=11 (full 1):
 PSYoungGen      total 26624K, used 24737K [0x00000000eab00000, 0x00000000ec880000, 0x0000000100000000)
  eden space 23552K, 99% used [0x00000000eab00000,0x00000000ec1fdf98,0x00000000ec200000)
  from space 3072K, 38% used [0x00000000ec400000,0x00000000ec52a6f0,0x00000000ec700000)
  to   space 1536K, 0% used [0x00000000ec700000,0x00000000ec700000,0x00000000ec880000)
 ParOldGen       total 68608K, used 13000K [0x00000000c0000000, 0x00000000c4300000, 0x00000000eab00000)
  object space 68608K, 18% used [0x00000000c0000000,0x00000000c0cb2248,0x00000000c4300000)
 Metaspace       used 28110K, committed 29056K, reserved 1114112K
  class space    used 2721K, committed 3136K, reserved 1048576K
}
Event: 9.211 GC heap after
{Heap after GC invocations=11 (full 1):
 PSYoungGen      total 24576K, used 1086K [0x00000000eab00000, 0x00000000ec880000, 0x0000000100000000)
  eden space 23040K, 0% used [0x00000000eab00000,0x00000000eab00000,0x00000000ec180000)
  from space 1536K, 70% used [0x00000000ec700000,0x00000000ec80f8a0,0x00000000ec880000)
  to   space 1536K, 0% used [0x00000000ec580000,0x00000000ec580000,0x00000000ec700000)
 ParOldGen       total 68608K, used 15395K [0x00000000c0000000, 0x00000000c4300000, 0x00000000eab00000)
  object space 68608K, 22% used [0x00000000c0000000,0x00000000c0f08e60,0x00000000c4300000)
 Metaspace       used 28110K, committed 29056K, reserved 1114112K
  class space    used 2721K, committed 3136K, reserved 1048576K
}

Dll operation events (10 events):
Event: 0.019 Loaded shared library c:\Users\user\.vscode\extensions\redhat.java-1.41.1-win32-x64\jre\21.0.6-win32-x86_64\bin\java.dll
Event: 0.175 Loaded shared library c:\Users\user\.vscode\extensions\redhat.java-1.41.1-win32-x64\jre\21.0.6-win32-x86_64\bin\zip.dll
Event: 0.214 Loaded shared library C:\Users\user\.vscode\extensions\redhat.java-1.41.1-win32-x64\jre\21.0.6-win32-x86_64\bin\instrument.dll
Event: 0.225 Loaded shared library C:\Users\user\.vscode\extensions\redhat.java-1.41.1-win32-x64\jre\21.0.6-win32-x86_64\bin\net.dll
Event: 0.230 Loaded shared library C:\Users\user\.vscode\extensions\redhat.java-1.41.1-win32-x64\jre\21.0.6-win32-x86_64\bin\nio.dll
Event: 0.237 Loaded shared library C:\Users\user\.vscode\extensions\redhat.java-1.41.1-win32-x64\jre\21.0.6-win32-x86_64\bin\zip.dll
Event: 0.263 Loaded shared library C:\Users\user\.vscode\extensions\redhat.java-1.41.1-win32-x64\jre\21.0.6-win32-x86_64\bin\jimage.dll
Event: 0.383 Loaded shared library c:\Users\user\.vscode\extensions\redhat.java-1.41.1-win32-x64\jre\21.0.6-win32-x86_64\bin\verify.dll
Event: 3.641 Loaded shared library C:\Users\user\AppData\Roaming\Code\User\globalStorage\redhat.java\1.41.1\config_win\org.eclipse.equinox.launcher\org.eclipse.equinox.launcher.win32.win32.x86_64_1.2.1300.v20250331-1702\eclipse_11911.dll
Event: 7.058 Loaded shared library C:\Users\user\AppData\Local\Temp\jna-3599307\jna7853985882117034912.dll

Deoptimization events (20 events):
Event: 9.043 Thread 0x0000019f0515ae00 DEOPT PACKING pc=0x0000019f342a59cc sp=0x00000035ce7fe7b0
Event: 9.043 Thread 0x0000019f0515ae00 DEOPT UNPACKING pc=0x0000019f33b83aa2 sp=0x00000035ce7fe738 mode 2
Event: 9.043 Thread 0x0000019f0515ae00 Uncommon trap: trap_request=0xffffffde fr.pc=0x0000019f342a59cc relative=0x000000000000010c
Event: 9.043 Thread 0x0000019f0515ae00 Uncommon trap: reason=class_check action=maybe_recompile pc=0x0000019f342a59cc method=java.lang.Character.codePointAt(Ljava/lang/CharSequence;I)I @ 2 c2
Event: 9.043 Thread 0x0000019f0515ae00 DEOPT PACKING pc=0x0000019f342a59cc sp=0x00000035ce7fe7b0
Event: 9.043 Thread 0x0000019f0515ae00 DEOPT UNPACKING pc=0x0000019f33b83aa2 sp=0x00000035ce7fe738 mode 2
Event: 9.043 Thread 0x0000019f0515ae00 Uncommon trap: trap_request=0xffffffde fr.pc=0x0000019f342a59cc relative=0x000000000000010c
Event: 9.043 Thread 0x0000019f0515ae00 Uncommon trap: reason=class_check action=maybe_recompile pc=0x0000019f342a59cc method=java.lang.Character.codePointAt(Ljava/lang/CharSequence;I)I @ 2 c2
Event: 9.043 Thread 0x0000019f0515ae00 DEOPT PACKING pc=0x0000019f342a59cc sp=0x00000035ce7fe7b0
Event: 9.043 Thread 0x0000019f0515ae00 DEOPT UNPACKING pc=0x0000019f33b83aa2 sp=0x00000035ce7fe738 mode 2
Event: 9.043 Thread 0x0000019f0515ae00 Uncommon trap: trap_request=0xffffffde fr.pc=0x0000019f342a59cc relative=0x000000000000010c
Event: 9.043 Thread 0x0000019f0515ae00 Uncommon trap: reason=class_check action=maybe_recompile pc=0x0000019f342a59cc method=java.lang.Character.codePointAt(Ljava/lang/CharSequence;I)I @ 2 c2
Event: 9.043 Thread 0x0000019f0515ae00 DEOPT PACKING pc=0x0000019f342a59cc sp=0x00000035ce7fe7b0
Event: 9.043 Thread 0x0000019f0515ae00 DEOPT UNPACKING pc=0x0000019f33b83aa2 sp=0x00000035ce7fe738 mode 2
Event: 9.043 Thread 0x0000019f0515ae00 Uncommon trap: trap_request=0xffffff76 fr.pc=0x0000019f34226128 relative=0x00000000000003a8
Event: 9.043 Thread 0x0000019f0515ae00 Uncommon trap: reason=predicate action=maybe_recompile pc=0x0000019f34226128 method=java.util.regex.Pattern$BmpCharPropertyGreedy.match(Ljava/util/regex/Matcher;ILjava/lang/CharSequence;)Z @ 12 c2
Event: 9.043 Thread 0x0000019f0515ae00 DEOPT PACKING pc=0x0000019f34226128 sp=0x00000035ce7fe6f0
Event: 9.043 Thread 0x0000019f0515ae00 DEOPT UNPACKING pc=0x0000019f33b83aa2 sp=0x00000035ce7fe698 mode 2
Event: 9.051 Thread 0x0000019f05172f70 DEOPT PACKING pc=0x0000019f2cc1e939 sp=0x00000035cdff8060
Event: 9.051 Thread 0x0000019f05172f70 DEOPT UNPACKING pc=0x0000019f33b84242 sp=0x00000035cdff7560 mode 0

Classes loaded (20 events):
Event: 9.229 Loading class sun/reflect/generics/tree/Signature done
Event: 9.229 Loading class sun/reflect/generics/tree/ClassSignature done
Event: 9.229 Loading class sun/reflect/annotation/TypeAnnotation$TypeAnnotationTarget
Event: 9.229 Loading class sun/reflect/annotation/TypeAnnotation$TypeAnnotationTarget done
Event: 9.229 Loading class sun/reflect/annotation/TypeAnnotation$LocationInfo
Event: 9.230 Loading class sun/reflect/annotation/TypeAnnotation$LocationInfo done
Event: 9.230 Loading class sun/reflect/annotation/TypeAnnotation$LocationInfo$Location
Event: 9.230 Loading class sun/reflect/annotation/TypeAnnotation$LocationInfo$Location done
Event: 9.230 Loading class sun/reflect/annotation/AnnotatedTypeFactory
Event: 9.230 Loading class sun/reflect/annotation/AnnotatedTypeFactory done
Event: 9.230 Loading class sun/reflect/annotation/AnnotatedTypeFactory$AnnotatedTypeBaseImpl
Event: 9.230 Loading class sun/reflect/annotation/AnnotatedTypeFactory$AnnotatedTypeBaseImpl done
Event: 9.231 Loading class java/util/stream/Streams$ConcatSpliterator$OfRef
Event: 9.231 Loading class java/util/stream/Streams$ConcatSpliterator
Event: 9.231 Loading class java/util/stream/Streams$ConcatSpliterator done
Event: 9.231 Loading class java/util/stream/Streams$ConcatSpliterator$OfRef done
Event: 9.231 Loading class java/util/stream/Streams$2
Event: 9.231 Loading class java/util/stream/Streams$2 done
Event: 9.356 Loading class java/lang/annotation/ElementType
Event: 9.357 Loading class java/lang/annotation/ElementType done

Classes unloaded (7 events):
Event: 7.874 Thread 0x0000019f3d7e4780 Unloading class 0x0000019f3f19ac00 'java/lang/invoke/LambdaForm$MH+0x0000019f3f19ac00'
Event: 7.874 Thread 0x0000019f3d7e4780 Unloading class 0x0000019f3f19a800 'java/lang/invoke/LambdaForm$MH+0x0000019f3f19a800'
Event: 7.874 Thread 0x0000019f3d7e4780 Unloading class 0x0000019f3f19a400 'java/lang/invoke/LambdaForm$MH+0x0000019f3f19a400'
Event: 7.874 Thread 0x0000019f3d7e4780 Unloading class 0x0000019f3f19a000 'java/lang/invoke/LambdaForm$MH+0x0000019f3f19a000'
Event: 7.874 Thread 0x0000019f3d7e4780 Unloading class 0x0000019f3f199c00 'java/lang/invoke/LambdaForm$BMH+0x0000019f3f199c00'
Event: 7.874 Thread 0x0000019f3d7e4780 Unloading class 0x0000019f3f199800 'java/lang/invoke/LambdaForm$DMH+0x0000019f3f199800'
Event: 7.874 Thread 0x0000019f3d7e4780 Unloading class 0x0000019f3f198400 'java/lang/invoke/LambdaForm$DMH+0x0000019f3f198400'

Classes redefined (0 events):
No events

Internal exceptions (20 events):
Event: 7.798 Thread 0x0000019f05172f70 Exception <a 'java/lang/NoSuchMethodError'{0x00000000eb722140}: 'int java.lang.invoke.DirectMethodHandle$Holder.invokeStaticInit(java.lang.Object, int, int)'> (0x00000000eb722140) 
thrown [s\src\hotspot\share\interpreter\linkResolver.cpp, line 773]
Event: 7.798 Thread 0x0000019f05172f70 Exception <a 'java/lang/NoSuchMethodError'{0x00000000eb72a4c8}: 'int java.lang.invoke.DirectMethodHandle$Holder.invokeStaticInit(java.lang.Object, long, long)'> (0x00000000eb72a4c8) 
thrown [s\src\hotspot\share\interpreter\linkResolver.cpp, line 773]
Event: 7.799 Thread 0x0000019f05172f70 Exception <a 'java/lang/NoSuchMethodError'{0x00000000eb731e80}: 'int java.lang.invoke.DirectMethodHandle$Holder.invokeStaticInit(java.lang.Object, float, float)'> (0x00000000eb731e80) 
thrown [s\src\hotspot\share\interpreter\linkResolver.cpp, line 773]
Event: 7.799 Thread 0x0000019f05172f70 Exception <a 'java/lang/NoSuchMethodError'{0x00000000eb739830}: 'int java.lang.invoke.DirectMethodHandle$Holder.invokeStaticInit(java.lang.Object, double, double)'> (0x00000000eb739830) 
thrown [s\src\hotspot\share\interpreter\linkResolver.cpp, line 773]
Event: 7.800 Thread 0x0000019f05172f70 Exception <a 'java/lang/NoSuchMethodError'{0x00000000eb73ec80}: 'int java.lang.invoke.DirectMethodHandle$Holder.invokeStatic(java.lang.Object, long)'> (0x00000000eb73ec80) 
thrown [s\src\hotspot\share\interpreter\linkResolver.cpp, line 773]
Event: 7.803 Thread 0x0000019f05172f70 Exception <a 'java/lang/NoSuchMethodError'{0x00000000eb75d9e8}: 'int java.lang.invoke.Invokers$Holder.linkToTargetMethod(java.lang.Object, java.lang.Object)'> (0x00000000eb75d9e8) 
thrown [s\src\hotspot\share\interpreter\linkResolver.cpp, line 773]
Event: 7.829 Thread 0x0000019f05172f70 Exception <a 'java/lang/NoSuchMethodError'{0x00000000eb8406f0}: 'java.lang.Object java.lang.invoke.Invokers$Holder.invoke_MT(java.lang.Object, java.lang.Object, java.lang.Object, java.lang.Object, java.lang.Object, java.lang.Object, java.lang.Object, java.lang.Object, java.lang.Object, java.lang.Object, java.lang.Object)'> (0x00000000eb8406f0) 
thrown [s\src\hotspot\share\interpreter\linkResolver.cpp, line 773]
Event: 7.842 Thread 0x0000019f05172f70 Exception <a 'java/lang/NoSuchMethodError'{0x00000000eb8d1fe8}: 'java.lang.Object java.lang.invoke.Invokers$Holder.invoke_MT(java.lang.Object, java.lang.Object, java.lang.Object, java.lang.Object, java.lang.Object, java.lang.Object, java.lang.Object, java.lang.Object, java.lang.Object, java.lang.Object)'> (0x00000000eb8d1fe8) 
thrown [s\src\hotspot\share\interpreter\linkResolver.cpp, line 773]
Event: 7.856 Thread 0x0000019f05172f70 Exception <a 'java/lang/NoSuchMethodError'{0x00000000eb975430}: 'java.lang.Object java.lang.invoke.DirectMethodHandle$Holder.newInvokeSpecial(java.lang.Object, java.lang.Object, java.lang.Object, java.lang.Object, java.lang.Object, java.lang.Object, java.lang.Object)'> (0x00000000eb975430) 
thrown [s\src\hotspot\share\interpreter\linkResolver.cpp, line 773]
Event: 7.909 Thread 0x0000019f05172f70 Exception <a 'java/lang/NoSuchMethodError'{0x00000000eab1a540}: 'java.lang.Object java.lang.invoke.Invokers$Holder.invoker(java.lang.Object, java.lang.Object, java.lang.Object, java.lang.Object, java.lang.Object, java.lang.Object, java.lang.Object, java.lang.Object, java.lang.Object, java.lang.Object, java.lang.Object, java.lang.Object, java.lang.Object)'> (0x00000000eab1a540) 
thrown [s\src\hotspot\share\interpreter\linkResolver.cpp, line 773]
Event: 7.910 Thread 0x0000019f05172f70 Exception <a 'java/lang/NoSuchMethodError'{0x00000000eab24a38}: 'java.lang.Object java.lang.invoke.DelegatingMethodHandle$Holder.delegate(java.lang.Object, java.lang.Object, java.lang.Object, java.lang.Object, java.lang.Object, java.lang.Object, java.lang.Object, java.lang.Object, java.lang.Object, java.lang.Object, java.lang.Object, java.lang.Object, java.lang.Object)'> (0x00000000eab24a38) 
thrown [s\src\hotspot\share\interpreter\linkResolver.cpp, line 773]
Event: 7.918 Thread 0x0000019f05172f70 Exception <a 'java/lang/NoSuchMethodError'{0x00000000eaba25c0}: static Lorg/eclipse/m2e/core/internal/lifecyclemapping/model/PluginExecutionMetadata;.<clinit>()V> (0x00000000eaba25c0) 
thrown [s\src\hotspot\share\prims\jni.cpp, line 1111]
Event: 7.927 Thread 0x0000019f05172f70 Exception <a 'java/lang/NoSuchMethodError'{0x00000000eac01478}: static Lorg/eclipse/m2e/core/internal/lifecyclemapping/model/PluginExecutionFilter;.<clinit>()V> (0x00000000eac01478) 
thrown [s\src\hotspot\share\prims\jni.cpp, line 1111]
Event: 7.931 Thread 0x0000019f05172f70 Exception <a 'java/lang/NoSuchMethodError'{0x00000000eac323c0}: static Lorg/eclipse/m2e/core/internal/project/registry/MavenProjectFacade$MavenProjectConfiguration;.<clinit>()V> (0x00000000eac323c0) 
thrown [s\src\hotspot\share\prims\jni.cpp, line 1111]
Event: 8.048 Thread 0x0000019f05172f70 Exception <a 'java/lang/NoSuchMethodError'{0x00000000eaf8b180}: 'double java.lang.invoke.DirectMethodHandle$Holder.invokeStatic(java.lang.Object, java.lang.Object)'> (0x00000000eaf8b180) 
thrown [s\src\hotspot\share\interpreter\linkResolver.cpp, line 773]
Event: 8.049 Thread 0x0000019f05172f70 Exception <a 'java/lang/NoSuchMethodError'{0x00000000eaf8e840}: 'double java.lang.invoke.DirectMethodHandle$Holder.invokeStaticInit(java.lang.Object, java.lang.Object)'> (0x00000000eaf8e840) 
thrown [s\src\hotspot\share\interpreter\linkResolver.cpp, line 773]
Event: 8.783 Thread 0x0000019f05172f70 Implicit null exception at 0x0000019f342af875 to 0x0000019f342af968
Event: 8.948 Thread 0x0000019f05172f70 Exception <a 'java/lang/NoSuchMethodError'{0x00000000eb6b5490}: 'java.lang.Object java.lang.invoke.DirectMethodHandle$Holder.newInvokeSpecial(java.lang.Object, int, java.lang.Object, java.lang.Object)'> (0x00000000eb6b5490) 
thrown [s\src\hotspot\share\interpreter\linkResolver.cpp, line 773]
Event: 9.070 Thread 0x0000019f0515ae00 Exception <a 'java/lang/NoSuchMethodError'{0x00000000eb9af210}: 'java.lang.Object java.lang.invoke.DirectMethodHandle$Holder.invokeSpecialIFC(java.lang.Object, java.lang.Object, java.lang.Object, java.lang.Object)'> (0x00000000eb9af210) 
thrown [s\src\hotspot\share\interpreter\linkResolver.cpp, line 773]
Event: 9.284 Thread 0x0000019f0515ae00 Exception <a 'java/lang/NoSuchMethodError'{0x00000000ead000a8}: 'int java.lang.invoke.DirectMethodHandle$Holder.invokeStatic(java.lang.Object, java.lang.Object, java.lang.Object, java.lang.Object, java.lang.Object)'> (0x00000000ead000a8) 
thrown [s\src\hotspot\share\interpreter\linkResolver.cpp, line 773]

ZGC Phase Switch (0 events):
No events

VM Operations (20 events):
Event: 7.340 Executing VM operation: HandshakeAllThreads (Deoptimize) done
Event: 7.347 Executing VM operation: HandshakeAllThreads (Deoptimize)
Event: 7.347 Executing VM operation: HandshakeAllThreads (Deoptimize) done
Event: 7.586 Executing VM operation: ICBufferFull
Event: 7.586 Executing VM operation: ICBufferFull done
Event: 7.588 Executing VM operation: ParallelGCFailedAllocation (Allocation Failure)
Event: 7.595 Executing VM operation: ParallelGCFailedAllocation (Allocation Failure) done
Event: 7.781 Executing VM operation: HandshakeAllThreads (Deoptimize)
Event: 7.781 Executing VM operation: HandshakeAllThreads (Deoptimize) done
Event: 7.863 Executing VM operation: CollectForMetadataAllocation (Metadata GC Threshold)
Event: 7.906 Executing VM operation: CollectForMetadataAllocation (Metadata GC Threshold) done
Event: 8.251 Executing VM operation: ParallelGCFailedAllocation (Allocation Failure)
Event: 8.252 Executing VM operation: ParallelGCFailedAllocation (Allocation Failure) done
Event: 8.881 Executing VM operation: ParallelGCFailedAllocation (Allocation Failure)
Event: 8.882 Executing VM operation: ParallelGCFailedAllocation (Allocation Failure) done
Event: 9.027 Executing VM operation: HandshakeAllThreads (Deoptimize)
Event: 9.027 Executing VM operation: HandshakeAllThreads (Deoptimize) done
Event: 9.208 Executing VM operation: ParallelGCFailedAllocation (Allocation Failure)
Event: 9.211 Executing VM operation: ParallelGCFailedAllocation (Allocation Failure) done
Event: 10.211 Executing VM operation: Cleanup

Memory protections (0 events):
No events

Nmethod flushes (0 events):
No events

Events (20 events):
Event: 3.119 Thread 0x0000019f00adb1e0 Thread exited: 0x0000019f00adb1e0
Event: 3.574 Thread 0x0000019f26fb4710 Thread added: 0x0000019f00e1fda0
Event: 3.635 Thread 0x0000019f00e1fda0 Thread added: 0x0000019f0515ccf0
Event: 3.651 Thread 0x0000019f26fb4710 Thread added: 0x0000019f05172f70
Event: 3.925 Thread 0x0000019f003df9f0 Thread added: 0x0000019f00f2c580
Event: 4.578 Thread 0x0000019f05172f70 Thread added: 0x0000019f00f9b140
Event: 4.684 Thread 0x0000019f00f2c580 Thread exited: 0x0000019f00f2c580
Event: 5.231 Thread 0x0000019f05172f70 Thread added: 0x0000019f0566d160
Event: 5.552 Thread 0x0000019f05172f70 Thread added: 0x0000019f0541a830
Event: 5.884 Thread 0x0000019f003df9f0 Thread added: 0x0000019f05546760
Event: 6.127 Thread 0x0000019f05546760 Thread exited: 0x0000019f05546760
Event: 6.542 Thread 0x0000019f05172f70 Thread added: 0x0000019f05159a50
Event: 6.830 Thread 0x0000019f003df9f0 Thread added: 0x0000019f0543aab0
Event: 7.098 Thread 0x0000019f05172f70 Thread added: 0x0000019f05158d30
Event: 7.153 Thread 0x0000019f05172f70 Thread added: 0x0000019f0515a770
Event: 7.189 Thread 0x0000019f05172f70 Thread added: 0x0000019f0515ae00
Event: 7.208 Thread 0x0000019f0543aab0 Thread exited: 0x0000019f0543aab0
Event: 7.395 Thread 0x0000019f003df9f0 Thread added: 0x0000019f0611c490
Event: 8.352 Thread 0x0000019f0611c490 Thread exited: 0x0000019f0611c490
Event: 9.036 Thread 0x0000019f003df9f0 Thread added: 0x0000019f06c96870


Dynamic libraries:
0x00007ff6b7de0000 - 0x00007ff6b7dee000 	c:\Users\user\.vscode\extensions\redhat.java-1.41.1-win32-x64\jre\21.0.6-win32-x86_64\bin\java.exe
0x00007ff94a520000 - 0x00007ff94a780000 	C:\WINDOWS\SYSTEM32\ntdll.dll
0x00007ff9498b0000 - 0x00007ff949977000 	C:\WINDOWS\System32\KERNEL32.DLL
0x00007ff947990000 - 0x00007ff947d5a000 	C:\WINDOWS\System32\KERNELBASE.dll
0x00007ff947d60000 - 0x00007ff947eab000 	C:\WINDOWS\System32\ucrtbase.dll
0x00007ff91a3d0000 - 0x00007ff91a3e8000 	c:\Users\user\.vscode\extensions\redhat.java-1.41.1-win32-x64\jre\21.0.6-win32-x86_64\bin\jli.dll
0x00007ff9496e0000 - 0x00007ff9498ac000 	C:\WINDOWS\System32\USER32.dll
0x00007ff9482f0000 - 0x00007ff948317000 	C:\WINDOWS\System32\win32u.dll
0x00007ff9489b0000 - 0x00007ff9489da000 	C:\WINDOWS\System32\GDI32.dll
0x00007ff947850000 - 0x00007ff947981000 	C:\WINDOWS\System32\gdi32full.dll
0x00007ff948020000 - 0x00007ff9480c3000 	C:\WINDOWS\System32\msvcp_win.dll
0x00007ff90aec0000 - 0x00007ff90aede000 	c:\Users\user\.vscode\extensions\redhat.java-1.41.1-win32-x64\jre\21.0.6-win32-x86_64\bin\VCRUNTIME140.dll
0x00007ff932d80000 - 0x00007ff933017000 	C:\WINDOWS\WinSxS\amd64_microsoft.windows.common-controls_6595b64144ccf1df_6.0.26100.3624_none_3e086962e3345f24\COMCTL32.dll
0x00007ff94a3b0000 - 0x00007ff94a459000 	C:\WINDOWS\System32\msvcrt.dll
0x00007ff94a4a0000 - 0x00007ff94a4cf000 	C:\WINDOWS\System32\IMM32.DLL
0x00007ff909db0000 - 0x00007ff909f12000 	C:\Program Files (x86)\Citrix\ICA Client\ctxapclient64.dll
0x00007ff948320000 - 0x00007ff9486a2000 	C:\WINDOWS\System32\combase.dll
0x00007ff94a030000 - 0x00007ff94a146000 	C:\WINDOWS\System32\RPCRT4.dll
0x00007ff940860000 - 0x00007ff94086b000 	C:\WINDOWS\SYSTEM32\VERSION.dll
0x00007ff9475e0000 - 0x00007ff947606000 	C:\WINDOWS\SYSTEM32\bcrypt.dll
0x00007ff949e80000 - 0x00007ff949f32000 	C:\WINDOWS\System32\ADVAPI32.dll
0x00007ff948d10000 - 0x00007ff948db6000 	C:\WINDOWS\System32\sechost.dll
0x00007ff946750000 - 0x00007ff946785000 	C:\WINDOWS\SYSTEM32\ntmarta.dll
0x00007ff948250000 - 0x00007ff9482e9000 	C:\WINDOWS\System32\bcryptprimitives.dll
0x00007ff9423f0000 - 0x00007ff9423fc000 	c:\Users\user\.vscode\extensions\redhat.java-1.41.1-win32-x64\jre\21.0.6-win32-x86_64\bin\vcruntime140_1.dll
0x00007ff8daeb0000 - 0x00007ff8daf3d000 	c:\Users\user\.vscode\extensions\redhat.java-1.41.1-win32-x64\jre\21.0.6-win32-x86_64\bin\msvcp140.dll
0x00007ff8c61f0000 - 0x00007ff8c6f80000 	c:\Users\user\.vscode\extensions\redhat.java-1.41.1-win32-x64\jre\21.0.6-win32-x86_64\bin\server\jvm.dll
0x00007ff94a1e0000 - 0x00007ff94a254000 	C:\WINDOWS\System32\WS2_32.dll
0x00007ff946390000 - 0x00007ff9463ee000 	C:\WINDOWS\SYSTEM32\POWRPROF.dll
0x00007ff937cd0000 - 0x00007ff937d06000 	C:\WINDOWS\SYSTEM32\WINMM.dll
0x00007ff946370000 - 0x00007ff946384000 	C:\WINDOWS\SYSTEM32\UMPDC.dll
0x00007ff946630000 - 0x00007ff94664a000 	C:\WINDOWS\SYSTEM32\kernel.appcore.dll
0x00007ff940c50000 - 0x00007ff940c5a000 	c:\Users\user\.vscode\extensions\redhat.java-1.41.1-win32-x64\jre\21.0.6-win32-x86_64\bin\jimage.dll
0x00007ff9378a0000 - 0x00007ff937ae1000 	C:\WINDOWS\SYSTEM32\DBGHELP.DLL
0x00007ff9488d0000 - 0x00007ff9489a6000 	C:\WINDOWS\System32\OLEAUT32.dll
0x00007ff92f1a0000 - 0x00007ff92f1d9000 	C:\WINDOWS\SYSTEM32\dbgcore.DLL
0x00007ff93ffa0000 - 0x00007ff93ffaf000 	c:\Users\user\.vscode\extensions\redhat.java-1.41.1-win32-x64\jre\21.0.6-win32-x86_64\bin\instrument.dll
0x00007ff902930000 - 0x00007ff90294f000 	c:\Users\user\.vscode\extensions\redhat.java-1.41.1-win32-x64\jre\21.0.6-win32-x86_64\bin\java.dll
0x00007ff948e50000 - 0x00007ff949579000 	C:\WINDOWS\System32\SHELL32.dll
0x0000019f00230000 - 0x0000019f00398000 	C:\WINDOWS\System32\wintypes.dll
0x00007ff945400000 - 0x00007ff945c52000 	C:\WINDOWS\SYSTEM32\windows.storage.dll
0x00007ff949f40000 - 0x00007ff94a02d000 	C:\WINDOWS\System32\SHCORE.dll
0x00007ff94a260000 - 0x00007ff94a2c4000 	C:\WINDOWS\System32\shlwapi.dll
0x00007ff947610000 - 0x00007ff94763f000 	C:\WINDOWS\SYSTEM32\profapi.dll
0x00007ff8f7fb0000 - 0x00007ff8f7fc8000 	c:\Users\user\.vscode\extensions\redhat.java-1.41.1-win32-x64\jre\21.0.6-win32-x86_64\bin\zip.dll
0x00007ff93f520000 - 0x00007ff93f530000 	C:\Users\user\.vscode\extensions\redhat.java-1.41.1-win32-x64\jre\21.0.6-win32-x86_64\bin\net.dll
0x00007ff93c940000 - 0x00007ff93ca5d000 	C:\WINDOWS\SYSTEM32\WINHTTP.dll
0x00007ff946b50000 - 0x00007ff946bba000 	C:\WINDOWS\system32\mswsock.dll
0x00007ff8f7f30000 - 0x00007ff8f7f46000 	C:\Users\user\.vscode\extensions\redhat.java-1.41.1-win32-x64\jre\21.0.6-win32-x86_64\bin\nio.dll
0x00007ff9317f0000 - 0x00007ff931800000 	c:\Users\user\.vscode\extensions\redhat.java-1.41.1-win32-x64\jre\21.0.6-win32-x86_64\bin\verify.dll
0x00007ff9027e0000 - 0x00007ff902825000 	C:\Users\user\AppData\Roaming\Code\User\globalStorage\redhat.java\1.41.1\config_win\org.eclipse.equinox.launcher\org.eclipse.equinox.launcher.win32.win32.x86_64_1.2.1300.v20250331-1702\eclipse_11911.dll
0x0000019f06120000 - 0x0000019f062b6000 	C:\WINDOWS\System32\ole32.dll
0x00007ff946df0000 - 0x00007ff946e0c000 	C:\WINDOWS\SYSTEM32\CRYPTSP.dll
0x00007ff946590000 - 0x00007ff9465ca000 	C:\WINDOWS\system32\rsaenh.dll
0x00007ff946bf0000 - 0x00007ff946c1b000 	C:\WINDOWS\SYSTEM32\USERENV.dll
0x00007ff946e10000 - 0x00007ff946e1c000 	C:\WINDOWS\SYSTEM32\CRYPTBASE.dll
0x00007ff945fd0000 - 0x00007ff946003000 	C:\WINDOWS\SYSTEM32\IPHLPAPI.DLL
0x00007ff94a470000 - 0x00007ff94a47a000 	C:\WINDOWS\System32\NSI.dll
0x00007ff907eb0000 - 0x00007ff907ef9000 	C:\Users\user\AppData\Local\Temp\jna-3599307\jna7853985882117034912.dll
0x00007ff949980000 - 0x00007ff949988000 	C:\WINDOWS\System32\PSAPI.DLL

dbghelp: loaded successfully - version: 4.0.5 - missing functions: none
symbol engine: initialized successfully - sym options: 0x614 - pdb path: .;c:\Users\user\.vscode\extensions\redhat.java-1.41.1-win32-x64\jre\21.0.6-win32-x86_64\bin;C:\WINDOWS\SYSTEM32;C:\WINDOWS\WinSxS\amd64_microsoft.windows.common-controls_6595b64144ccf1df_6.0.26100.3624_none_3e086962e3345f24;C:\Program Files (x86)\Citrix\ICA Client;c:\Users\user\.vscode\extensions\redhat.java-1.41.1-win32-x64\jre\21.0.6-win32-x86_64\bin\server;C:\Users\user\AppData\Roaming\Code\User\globalStorage\redhat.java\1.41.1\config_win\org.eclipse.equinox.launcher\org.eclipse.equinox.launcher.win32.win32.x86_64_1.2.1300.v20250331-1702;C:\Users\user\AppData\Local\Temp\jna-3599307

VM Arguments:
jvm_args: --add-modules=ALL-SYSTEM --add-opens=java.base/java.util=ALL-UNNAMED --add-opens=java.base/java.lang=ALL-UNNAMED --add-opens=java.base/sun.nio.fs=ALL-UNNAMED -Declipse.application=org.eclipse.jdt.ls.core.id1 -Dosgi.bundles.defaultStartLevel=4 -Declipse.product=org.eclipse.jdt.ls.core.product -Djava.import.generatesMetadataFilesAtProjectRoot=false -DDetectVMInstallationsJob.disabled=true -Dfile.encoding=utf8 -XX:+UseParallelGC -XX:GCTimeRatio=4 -XX:AdaptiveSizePolicyWeight=90 -Dsun.zip.disableMemoryMapping=true -Xmx1G -Xms100m -Xlog:disable -javaagent:c:\Users\user\.vscode\extensions\redhat.java-1.41.1-win32-x64\lombok\lombok-1.18.36.jar -XX:+HeapDumpOnOutOfMemoryError -XX:HeapDumpPath=c:\Users\user\AppData\Roaming\Code\User\workspaceStorage\4a207a38bee0f9a66a0a5ec5cfdc4eba\redhat.java -Daether.dependencyCollector.impl=bf 
java_command: c:\Users\user\.vscode\extensions\redhat.java-1.41.1-win32-x64\server\plugins\org.eclipse.equinox.launcher_1.7.0.v20250331-1702.jar -configuration c:\Users\user\AppData\Roaming\Code\User\globalStorage\redhat.java\1.41.1\config_win -data c:\Users\user\AppData\Roaming\Code\User\workspaceStorage\4a207a38bee0f9a66a0a5ec5cfdc4eba\redhat.java\jdt_ws --pipe=\\.\pipe\lsp-0b0e56e4c1e974c32e762c78d34101ca-sock
java_class_path (initial): c:\Users\user\.vscode\extensions\redhat.java-1.41.1-win32-x64\server\plugins\org.eclipse.equinox.launcher_1.7.0.v20250331-1702.jar
Launcher Type: SUN_STANDARD

[Global flags]
    uintx AdaptiveSizePolicyWeight                 = 90                                        {product} {command line}
     intx CICompilerCount                          = 4                                         {product} {ergonomic}
    uintx GCTimeRatio                              = 4                                         {product} {command line}
     bool HeapDumpOnOutOfMemoryError               = true                                   {manageable} {command line}
    ccstr HeapDumpPath                             = c:\Users\user\AppData\Roaming\Code\User\workspaceStorage\4a207a38bee0f9a66a0a5ec5cfdc4eba\redhat.java         {manageable} {command line}
   size_t InitialHeapSize                          = 104857600                                 {product} {command line}
   size_t MaxHeapSize                              = 1073741824                                {product} {command line}
   size_t MaxNewSize                               = 357564416                                 {product} {ergonomic}
   size_t MinHeapDeltaBytes                        = 524288                                    {product} {ergonomic}
   size_t MinHeapSize                              = 104857600                                 {product} {command line}
   size_t NewSize                                  = 34603008                                  {product} {ergonomic}
    uintx NonNMethodCodeHeapSize                   = 5839372                                {pd product} {ergonomic}
    uintx NonProfiledCodeHeapSize                  = 122909434                              {pd product} {ergonomic}
   size_t OldSize                                  = 70254592                                  {product} {ergonomic}
    uintx ProfiledCodeHeapSize                     = 122909434                              {pd product} {ergonomic}
    uintx ReservedCodeCacheSize                    = 251658240                              {pd product} {ergonomic}
     bool SegmentedCodeCache                       = true                                      {product} {ergonomic}
   size_t SoftMaxHeapSize                          = 1073741824                             {manageable} {ergonomic}
     bool UseCompressedOops                        = true                           {product lp64_product} {ergonomic}
     bool UseLargePagesIndividualAllocation        = false                                  {pd product} {ergonomic}
     bool UseParallelGC                            = true                                      {product} {command line}

Logging:
Log output configuration:
 #0: stdout all=off uptime,level,tags foldmultilines=false
 #1: stderr all=off uptime,level,tags foldmultilines=false

Environment Variables:
PATH=C:\Program Files\Common Files\Oracle\Java\javapath;C:\Program Files (x86)\VMware\VMware Workstation\bin\;C:\app\user\product\21c\dbhomeXE\bin;C:\Program Files (x86)\Common Files\Oracle\Java\javapath;C:\Windows\system32;C:\Windows;C:\Windows\System32\Wbem;C:\Windows\System32\WindowsPowerShell\v1.0\;C:\Windows\System32\OpenSSH\;C:\Program Files (x86)\NVIDIA Corporation\PhysX\Common;C:\Program Files\NVIDIA Corporation\NVIDIA NvDLISR;C:\WINDOWS\system32;C:\WINDOWS;C:\WINDOWS\System32\Wbem;C:\WINDOWS\System32\WindowsPowerShell\v1.0\;C:\WINDOWS\System32\OpenSSH\;C:\Program Files (x86)\Symantec\VIP Access Client\;C:\Program Files\Git\cmd;C:\Program Files\dotnet\;C:\Program Files\nodejs\;C:\Program Files\Java\jdk-17\bin;C:\Program Files\Apache\Maven\bin;C:\Program Files\Apache\Maven\mvn\bin;C:\Users\user\AppData\Local\Microsoft\WindowsApps;C:\Users\user\AppData\Local\GitHubDesktop\bin;C:\Users\user\AppData\Roaming\npm;C:\Users\user\AppData\Local\Programs\mongosh\;C:\Users\user\AppData\Local\Programs\Microsoft VS Code\bin;
USERNAME=user
OS=Windows_NT
PROCESSOR_IDENTIFIER=Intel64 Family 6 Model 165 Stepping 2, GenuineIntel
TMP=C:\Users\user\AppData\Local\Temp
TEMP=C:\Users\user\AppData\Local\Temp




Periodic native trim disabled

---------------  S Y S T E M  ---------------

OS:
 Windows 11 , 64 bit Build 26100 (10.0.26100.3775)
OS uptime: 4 days 7:05 hours

CPU: total 8 (initial active 8) (4 cores per cpu, 2 threads per core) family 6 model 165 stepping 2 microcode 0xe2, cx8, cmov, fxsr, ht, mmx, 3dnowpref, sse, sse2, sse3, ssse3, sse4.1, sse4.2, popcnt, lzcnt, tsc, tscinvbit, avx, avx2, aes, erms, clmul, bmi1, bmi2, adx, fma, vzeroupper, clflush, clflushopt, rdtscp, f16c, pku
Processor Information for the first 8 processors :
  Max Mhz: 2496, Current Mhz: 2496, Mhz Limit: 2496

Memory: 4k page, system-wide physical 8013M (985M free)
TotalPageFile size 32589M (AvailPageFile size 13M)
current process WorkingSet (physical memory assigned to process): 178M, peak: 179M
current process commit charge ("private bytes"): 273M, peak: 274M

vm_info: OpenJDK 64-Bit Server VM (21.0.6+7-LTS) for windows-amd64 JRE (21.0.6+7-LTS), built on 2025-01-21T00:00:00Z by "admin" with MS VC++ 17.7 (VS2022)

END.
